<?xml version="1.0" encoding="UTF-8"?>
<testsuite name="com.udacity.gradle.jokes.test.JokerTest" tests="1" skipped="0" failures="0" errors="0" timestamp="2017-01-17T11:36:25" hostname="jarvis" time="2.186">
  <properties/>
  <testcase name="test" classname="com.udacity.gradle.jokes.test.JokerTest" time="2.186"/>
  <system-out><![CDATA[]]></system-out>
  <system-err><![CDATA[]]></system-err>
</testsuite>
